Build started 12/16/2013 8:51:17 PM.
     1>Project "C:\Users\Lee\Desktop\C++\Microsoft Visual\Pet\Pet\Pet.vcxproj" on node 2 (build target(s)).
     1>InitializeBuildStatus:
         Touching "Debug\Pet.unsuccessfulbuild".
       ClCompile:
         C:\Program Files (x86)\Microsoft Visual Studio 10.0\VC\bin\CL.exe /c /ZI /nologo /W3 /WX- /Od /Oy- /D _MBCS /Gm /EHsc /RTC1 /MDd /GS /fp:precise /Zc:wchar_t /Zc:forScope /Fo"Debug\\" /Fd"Debug\vc100.pdb" /Gd /TP /analyze- /errorReport:prompt Cat.cpp Driver.cpp
         Driver.cpp
     1>c:\users\lee\desktop\c++\microsoft visual\pet\pet\cat.h(21): error C2143: syntax error : missing ';' before 'const'
     1>c:\users\lee\desktop\c++\microsoft visual\pet\pet\cat.h(21): error C4430: missing type specifier - int assumed. Note: C++ does not support default-int
     1>c:\users\lee\desktop\c++\microsoft visual\pet\pet\cat.h(21): error C2208: 'const int' : no members defined using this type
         Cat.cpp
     1>c:\users\lee\desktop\c++\microsoft visual\pet\pet\cat.h(21): error C2143: syntax error : missing ';' before 'const'
     1>c:\users\lee\desktop\c++\microsoft visual\pet\pet\cat.h(21): error C4430: missing type specifier - int assumed. Note: C++ does not support default-int
     1>c:\users\lee\desktop\c++\microsoft visual\pet\pet\cat.h(21): error C2208: 'const int' : no members defined using this type
         Generating Code...
     1>Done Building Project "C:\Users\Lee\Desktop\C++\Microsoft Visual\Pet\Pet\Pet.vcxproj" (build target(s)) -- FAILED.

Build FAILED.

Time Elapsed 00:00:00.72
